# JRE version: Java(TM) SE Runtime Environment (8.0_201-b09) (build 1.8.0_201-b09)
# Java VM: Java HotSpot(TM) 64-Bit Server VM (25.201-b09 mixed mode linux-amd64 compressed oops)
Heap:
 PSYoungGen      total 135168K, used 11744K [0x00000000eab00000, 0x00000000f3a80000, 0x0000000100000000)
  eden space 123392K, 0% used [0x00000000eab00000,0x00000000eab00000,0x00000000f2380000)
  from space 11776K, 99% used [0x00000000f2f00000,0x00000000f3a78030,0x00000000f3a80000)
  to   space 8704K, 0% used [0x00000000f2380000,0x00000000f2380000,0x00000000f2c00000)
 ParOldGen       total 65024K, used 30478K [0x00000000c0000000, 0x00000000c3f80000, 0x00000000eab00000)
  object space 65024K, 46% used [0x00000000c0000000,0x00000000c1dc3808,0x00000000c3f80000)
 Metaspace       used 28131K, capacity 28802K, committed 28928K, reserved 1075200K
  class space    used 3796K, capacity 4017K, committed 4096K, reserved 1048576K
GC Heap History (10 events):
Event: 5,340 GC heap after
Heap after GC invocations=4 (full 0):
 PSYoungGen      total 68608K, used 5104K [0x00000000eab00000, 0x00000000ef300000, 0x0000000100000000)
  eden space 63488K, 0% used [0x00000000eab00000,0x00000000eab00000,0x00000000ee900000)
  from space 5120K, 99% used [0x00000000eee00000,0x00000000ef2fc030,0x00000000ef300000)
  to   space 5120K, 0% used [0x00000000ee900000,0x00000000ee900000,0x00000000eee00000)
 ParOldGen       total 84992K, used 5009K [0x00000000c0000000, 0x00000000c5300000, 0x00000000eab00000)
  object space 84992K, 5% used [0x00000000c0000000,0x00000000c04e4568,0x00000000c5300000)
 Metaspace       used 16405K, capacity 16758K, committed 17024K, reserved 1062912K
  class space    used 2431K, capacity 2611K, committed 2688K, reserved 1048576K
}
Event: 7,440 GC heap before
{Heap before GC invocations=5 (full 0):
 PSYoungGen      total 68608K, used 42117K [0x00000000eab00000, 0x00000000ef300000, 0x0000000100000000)
  eden space 63488K, 58% used [0x00000000eab00000,0x00000000ecf25470,0x00000000ee900000)
  from space 5120K, 99% used [0x00000000eee00000,0x00000000ef2fc030,0x00000000ef300000)
  to   space 5120K, 0% used [0x00000000ee900000,0x00000000ee900000,0x00000000eee00000)
 ParOldGen       total 84992K, used 5009K [0x00000000c0000000, 0x00000000c5300000, 0x00000000eab00000)
  object space 84992K, 5% used [0x00000000c0000000,0x00000000c04e4568,0x00000000c5300000)
 Metaspace       used 20719K, capacity 21166K, committed 21296K, reserved 1067008K
  class space    used 2971K, capacity 3147K, committed 3200K, reserved 1048576K
Event: 7,491 GC heap after
Heap after GC invocations=5 (full 0):
 PSYoungGen      total 68608K, used 5088K [0x00000000eab00000, 0x00000000f3e00000, 0x0000000100000000)
  eden space 63488K, 0% used [0x00000000eab00000,0x00000000eab00000,0x00000000ee900000)
  from space 5120K, 99% used [0x00000000ee900000,0x00000000eedf8060,0x00000000eee00000)
  to   space 11776K, 0% used [0x00000000f3280000,0x00000000f3280000,0x00000000f3e00000)
 ParOldGen       total 84992K, used 10398K [0x00000000c0000000, 0x00000000c5300000, 0x00000000eab00000)
  object space 84992K, 12% used [0x00000000c0000000,0x00000000c0a279a0,0x00000000c5300000)
 Metaspace       used 20719K, capacity 21166K, committed 21296K, reserved 1067008K
  class space    used 2971K, capacity 3147K, committed 3200K, reserved 1048576K
}
Event: 7,491 GC heap before
{Heap before GC invocations=6 (full 1):
 PSYoungGen      total 68608K, used 5088K [0x00000000eab00000, 0x00000000f3e00000, 0x0000000100000000)
  eden space 63488K, 0% used [0x00000000eab00000,0x00000000eab00000,0x00000000ee900000)
  from space 5120K, 99% used [0x00000000ee900000,0x00000000eedf8060,0x00000000eee00000)
  to   space 11776K, 0% used [0x00000000f3280000,0x00000000f3280000,0x00000000f3e00000)
 ParOldGen       total 84992K, used 10398K [0x00000000c0000000, 0x00000000c5300000, 0x00000000eab00000)
  object space 84992K, 12% used [0x00000000c0000000,0x00000000c0a279a0,0x00000000c5300000)
 Metaspace       used 20719K, capacity 21166K, committed 21296K, reserved 1067008K
  class space    used 2971K, capacity 3147K, committed 3200K, reserved 1048576K
Event: 7,621 GC heap after
Heap after GC invocations=6 (full 1):
 PSYoungGen      total 68608K, used 0K [0x00000000eab00000, 0x00000000f3e00000, 0x0000000100000000)
  eden space 63488K, 0% used [0x00000000eab00000,0x00000000eab00000,0x00000000ee900000)
  from space 5120K, 0% used [0x00000000ee900000,0x00000000ee900000,0x00000000eee00000)
  to   space 11776K, 0% used [0x00000000f3280000,0x00000000f3280000,0x00000000f3e00000)
 ParOldGen       total 65024K, used 10536K [0x00000000c0000000, 0x00000000c3f80000, 0x00000000eab00000)
  object space 65024K, 16% used [0x00000000c0000000,0x00000000c0a4a308,0x00000000c3f80000)
 Metaspace       used 20719K, capacity 21166K, committed 21296K, reserved 1067008K
  class space    used 2971K, capacity 3147K, committed 3200K, reserved 1048576K
}
Event: 23,697 GC heap before
{Heap before GC invocations=7 (full 1):
 PSYoungGen      total 68608K, used 63488K [0x00000000eab00000, 0x00000000f3e00000, 0x0000000100000000)
  eden space 63488K, 100% used [0x00000000eab00000,0x00000000ee900000,0x00000000ee900000)
  from space 5120K, 0% used [0x00000000ee900000,0x00000000ee900000,0x00000000eee00000)
  to   space 11776K, 0% used [0x00000000f3280000,0x00000000f3280000,0x00000000f3e00000)
 ParOldGen       total 65024K, used 10536K [0x00000000c0000000, 0x00000000c3f80000, 0x00000000eab00000)
  object space 65024K, 16% used [0x00000000c0000000,0x00000000c0a4a308,0x00000000c3f80000)
 Metaspace       used 27185K, capacity 27760K, committed 28032K, reserved 1073152K
  class space    used 3693K, capacity 3887K, committed 3968K, reserved 1048576K
Event: 23,746 GC heap after
Heap after GC invocations=7 (full 1):
 PSYoungGen      total 99328K, used 8769K [0x00000000eab00000, 0x00000000f3b80000, 0x0000000100000000)
  eden space 90112K, 0% used [0x00000000eab00000,0x00000000eab00000,0x00000000f0300000)
  from space 9216K, 95% used [0x00000000f3280000,0x00000000f3b10460,0x00000000f3b80000)
  to   space 12288K, 0% used [0x00000000f2380000,0x00000000f2380000,0x00000000f2f80000)
 ParOldGen       total 65024K, used 10608K [0x00000000c0000000, 0x00000000c3f80000, 0x00000000eab00000)
  object space 65024K, 16% used [0x00000000c0000000,0x00000000c0a5c318,0x00000000c3f80000)
 Metaspace       used 27185K, capacity 27760K, committed 28032K, reserved 1073152K
  class space    used 3693K, capacity 3887K, committed 3968K, reserved 1048576K
}
Event: 29,719 GC heap before
{Heap before GC invocations=8 (full 1):
 PSYoungGen      total 99328K, used 98881K [0x00000000eab00000, 0x00000000f3b80000, 0x0000000100000000)
  eden space 90112K, 100% used [0x00000000eab00000,0x00000000f0300000,0x00000000f0300000)
  from space 9216K, 95% used [0x00000000f3280000,0x00000000f3b10460,0x00000000f3b80000)
  to   space 12288K, 0% used [0x00000000f2380000,0x00000000f2380000,0x00000000f2f80000)
 ParOldGen       total 65024K, used 10608K [0x00000000c0000000, 0x00000000c3f80000, 0x00000000eab00000)
  object space 65024K, 16% used [0x00000000c0000000,0x00000000c0a5c318,0x00000000c3f80000)
 Metaspace       used 27185K, capacity 27760K, committed 28032K, reserved 1073152K
  class space    used 3693K, capacity 3887K, committed 3968K, reserved 1048576K
Event: 29,736 GC heap after
Heap after GC invocations=8 (full 1):
 PSYoungGen      total 132096K, used 8310K [0x00000000eab00000, 0x00000000f3a80000, 0x0000000100000000)
  eden space 123392K, 0% used [0x00000000eab00000,0x00000000eab00000,0x00000000f2380000)
  from space 8704K, 95% used [0x00000000f2380000,0x00000000f2b9db48,0x00000000f2c00000)
  to   space 11776K, 0% used [0x00000000f2f00000,0x00000000f2f00000,0x00000000f3a80000)
 ParOldGen       total 65024K, used 10608K [0x00000000c0000000, 0x00000000c3f80000, 0x00000000eab00000)
  object space 65024K, 16% used [0x00000000c0000000,0x00000000c0a5c318,0x00000000c3f80000)
 Metaspace       used 27185K, capacity 27760K, committed 28032K, reserved 1073152K
  class space    used 3693K, capacity 3887K, committed 3968K, reserved 1048576K
}
Event: 33,225 GC heap before
{Heap before GC invocations=9 (full 1):
 PSYoungGen      total 132096K, used 131702K [0x00000000eab00000, 0x00000000f3a80000, 0x0000000100000000)
  eden space 123392K, 100% used [0x00000000eab00000,0x00000000f2380000,0x00000000f2380000)
  from space 8704K, 95% used [0x00000000f2380000,0x00000000f2b9db48,0x00000000f2c00000)
  to   space 11776K, 0% used [0x00000000f2f00000,0x00000000f2f00000,0x00000000f3a80000)
 ParOldGen       total 65024K, used 10608K [0x00000000c0000000, 0x00000000c3f80000, 0x00000000eab00000)
  object space 65024K, 16% used [0x00000000c0000000,0x00000000c0a5c318,0x00000000c3f80000)
 Metaspace       used 28131K, capacity 28802K, committed 28928K, reserved 1075200K
  class space    used 3796K, capacity 4017K, committed 4096K, reserved 1048576K

